<?xml version="1.0" encoding="UTF-8"?>
<!-- Generated by org.testng.reporters.JUnitReportReporter -->
<testsuite hostname="FVTIII023S1L" name="com.cucumber.framework.runner.FacebookLoginFeatureRunner" tests="1" failures="0" timestamp="14 Nov 2018 16:33:23 GMT" time="34.462" errors="0">
  <testcase name="feature" time="34.462" classname="com.cucumber.framework.runner.FacebookLoginFeatureRunner"/>
</testsuite> <!-- com.cucumber.framework.runner.FacebookLoginFeatureRunner -->
